[00:00:04] [Datafixer Bootstrap/INFO] (Minecraft) 180 Datafixer optimizations took 172 milliseconds
[00:00:07] [Render thread/INFO] (Minecraft) Environment: authHost='https://authserver.mojang.com', accountsHost='https://api.mojang.com', sessionHost='https://sessionserver.mojang.com', servicesHost='https://api.minecraftservices.com', name='PROD'
[00:00:07] [Render thread/ERROR] (Minecraft) Failed to verify authentication
com.mojang.authlib.exceptions.InvalidCredentialsException: Status: 401
	at com.mojang.authlib.exceptions.MinecraftClientHttpException.toAuthenticationException(MinecraftClientHttpException.java:56) ~[authlib-3.18.38.jar:?]
	at com.mojang.authlib.yggdrasil.YggdrasilUserApiService.fetchProperties(YggdrasilUserApiService.java:156) ~[authlib-3.18.38.jar:?]
	at com.mojang.authlib.yggdrasil.YggdrasilUserApiService.<init>(YggdrasilUserApiService.java:55) ~[authlib-3.18.38.jar:?]
	at com.mojang.authlib.yggdrasil.YggdrasilAuthenticationService.createUserApiService(YggdrasilAuthenticationService.java:161) ~[authlib-3.18.38.jar:?]
	at net.minecraft.client.MinecraftClient.createUserApiService(MinecraftClient.java:714) ~[minecraft-project-@-merged-named.jar:?]
	at net.minecraft.client.MinecraftClient.<init>(MinecraftClient.java:506) ~[minecraft-project-@-merged-named.jar:?]
	at net.minecraft.client.main.Main.main(Main.java:179) ~[minecraft-project-@-merged-named.jar:?]
	at net.fabricmc.loader.impl.game.minecraft.MinecraftGameProvider.launch(MinecraftGameProvider.java:462) ~[fabric-loader-0.14.19.jar:?]
	at net.fabricmc.loader.impl.launch.knot.Knot.launch(Knot.java:74) ~[fabric-loader-0.14.19.jar:?]
	at net.fabricmc.loader.impl.launch.knot.KnotClient.main(KnotClient.java:23) ~[fabric-loader-0.14.19.jar:?]
	at net.fabricmc.devlaunchinjector.Main.main(Main.java:86) ~[dev-launch-injector-0.2.1+build.8.jar:?]
Caused by: com.mojang.authlib.exceptions.MinecraftClientHttpException: Status: 401
	at com.mojang.authlib.minecraft.client.MinecraftClient.readInputStream(MinecraftClient.java:85) ~[authlib-3.18.38.jar:?]
	at com.mojang.authlib.minecraft.client.MinecraftClient.get(MinecraftClient.java:48) ~[authlib-3.18.38.jar:?]
	at com.mojang.authlib.yggdrasil.YggdrasilUserApiService.fetchProperties(YggdrasilUserApiService.java:129) ~[authlib-3.18.38.jar:?]
	... 9 more
[00:00:07] [Render thread/INFO] (Minecraft) Setting user: Player380
[00:00:08] [Render thread/INFO] (Indigo) [Indigo] Registering Indigo renderer!
[00:00:08] [Render thread/INFO] (Minecraft) Backend library: LWJGL version 3.3.1 SNAPSHOT
[00:00:10] [Render thread/INFO] (Minecraft) Reloading ResourceManager: vanilla, Fabric Mods (Fabric Events Interaction (v0), Fabric Loot API (v2), Fabric Renderer API (v1), Fabric Recipe API (v1), Fabric Data Generation API (v1), Fabric Game Rule API (v1), Fabric Loader, Fabric Sound API (v1), Fabric Resource Conditions API (v1), Fabric Dimensions API (v1), Fabric Renderer - Indigo, Fabric Entity Events (v1), Fabric API Lookup API (v1), Fabric Models (v0), Fabric Screen Handler API (v1), Fabric Game Test API (v1), Fabric Block API (v1), Fabric Registry Sync (v0), Fabric Message API (v1), Fabric API, Fabric Client Tags, Fabric Item Group API (v1), Fabric API Base, Fabric Command API (v2), Fabric Networking API (v1), fakeplayers, Fabric Rendering (v1), Fabric Crash Report Info (v1), Fabric Content Registries (v0), Fabric Mining Level API (v1), Fabric Resource Loader (v0), Fabric BlockRenderLayer Registration (v1), Fabric Object Builder API (v1), Fabric Lifecycle Events (v1), Fabric Particles (v1), Fabric Key Binding API (v1), Fabric Transitive Access Wideners (v1), Fabric Biome API (v1), Fabric Rendering Fluids (v1), Fabric Screen API (v1), Fabric Transfer API (v1), Fabric Convention Tags, Fabric Item API (v1), Fabric Rendering Data Attachment (v1))
[00:00:10] [Realms Notification Availability checker #1/INFO] (Minecraft) Could not authorize you against Realms server: Invalid session id
[00:00:12] [Render thread/WARN] (Minecraft) Missing sound for event: minecraft:item.brush.brushing
[00:00:12] [Render thread/WARN] (Minecraft) Missing sound for event: minecraft:item.brush.brush_sand_completed
[00:00:12] [Render thread/WARN] (Minecraft) Missing sound for event: minecraft:item.goat_horn.play
[00:00:12] [Render thread/WARN] (Minecraft) Missing sound for event: minecraft:entity.goat.screaming.horn_break
[00:00:12] [Render thread/WARN] (Minecraft) Missing sound for event: minecraft:music.overworld.cherry_grove
[00:00:12] [Render thread/INFO] (Minecraft) OpenAL initialized on device OpenAL Soft on Speakers (Razer Kraken V3)
[00:00:12] [Render thread/INFO] (Minecraft) Sound engine started
[00:00:12] [Render thread/INFO] (Minecraft) Created: 1024x512x4 minecraft:textures/atlas/blocks.png-atlas
[00:00:12] [Render thread/INFO] (Minecraft) Created: 256x256x4 minecraft:textures/atlas/signs.png-atlas
[00:00:12] [Render thread/INFO] (Minecraft) Created: 512x512x4 minecraft:textures/atlas/shield_patterns.png-atlas
[00:00:12] [Render thread/INFO] (Minecraft) Created: 512x512x4 minecraft:textures/atlas/banner_patterns.png-atlas
[00:00:12] [Render thread/INFO] (Minecraft) Created: 1024x1024x4 minecraft:textures/atlas/armor_trims.png-atlas
[00:00:12] [Render thread/INFO] (Minecraft) Created: 256x256x4 minecraft:textures/atlas/chest.png-atlas
[00:00:12] [Render thread/INFO] (Minecraft) Created: 64x64x4 minecraft:textures/atlas/decorated_pot.png-atlas
[00:00:12] [Render thread/INFO] (Minecraft) Created: 512x256x4 minecraft:textures/atlas/beds.png-atlas
[00:00:12] [Render thread/INFO] (Minecraft) Created: 512x256x4 minecraft:textures/atlas/shulker_boxes.png-atlas
[00:00:12] [Render thread/WARN] (Minecraft) Shader rendertype_entity_translucent_emissive could not find sampler named Sampler2 in the specified shader program.
[00:00:12] [Render thread/INFO] (Minecraft) Created: 256x256x0 minecraft:textures/atlas/particles.png-atlas
[00:00:12] [Render thread/INFO] (Minecraft) Created: 256x256x0 minecraft:textures/atlas/paintings.png-atlas
[00:00:12] [Render thread/INFO] (Minecraft) Created: 128x128x0 minecraft:textures/atlas/mob_effects.png-atlas
[00:00:23] [Render thread/INFO] (Minecraft) Loaded 7 recipes
[00:00:24] [Render thread/INFO] (Minecraft) Loaded 1179 advancements
[00:00:24] [Render thread/INFO] (BiomeModificationImpl) Applied 0 biome modifications to 0 of 63 new biomes in 3.065 ms
[00:00:24] [Server thread/INFO] (Minecraft) Starting integrated minecraft server version 1.19.4
[00:00:24] [Server thread/INFO] (Minecraft) Generating keypair
[00:00:26] [Server thread/INFO] (Minecraft) Preparing start region for dimension minecraft:overworld
[00:00:28] [Render thread/INFO] (Minecraft) Preparing spawn area: 0%
[00:00:28] [Render thread/INFO] (Minecraft) Preparing spawn area: 0%
[00:00:28] [Render thread/INFO] (Minecraft) Preparing spawn area: 0%
[00:00:28] [Render thread/INFO] (Minecraft) Preparing spawn area: 0%
[00:00:28] [Render thread/INFO] (Minecraft) Preparing spawn area: 0%
[00:00:29] [Render thread/INFO] (Minecraft) Preparing spawn area: 6%
[00:00:29] [Render thread/INFO] (Minecraft) Preparing spawn area: 23%
[00:00:30] [Render thread/INFO] (Minecraft) Preparing spawn area: 72%
[00:00:30] [Render thread/INFO] (Minecraft) Time elapsed: 3981 ms
[00:00:30] [Server thread/INFO] (Minecraft) Changing view distance to 12, from 10
[00:00:30] [Server thread/INFO] (Minecraft) Changing simulation distance to 12, from 0
[00:00:31] [Server thread/INFO] (Minecraft) Player380[local:E:73c476cc] logged in with entity id 193 at (-630.5, 67.0, 128.5)
[00:00:31] [Server thread/INFO] (Minecraft) Player380 joined the game
[00:00:32] [Render thread/INFO] (Minecraft) Loaded 2 advancements
[00:01:04] [Server thread/INFO] (Minecraft) Saving and pausing game...
[00:01:04] [Server thread/INFO] (Minecraft) Saving chunks for level 'ServerLevel[New World]'/minecraft:overworld
[00:01:04] [Server thread/INFO] (Minecraft) Saving chunks for level 'ServerLevel[New World]'/minecraft:the_nether
[00:01:04] [Server thread/INFO] (Minecraft) Saving chunks for level 'ServerLevel[New World]'/minecraft:the_end
[00:01:04] [Server thread/INFO] (Minecraft) Player380 lost connection: Disconnected
[00:01:04] [Server thread/INFO] (Minecraft) Player380 left the game
[00:01:04] [Server thread/INFO] (Minecraft) Stopping singleplayer server as player logged out
[00:01:04] [Server thread/INFO] (Minecraft) Stopping server
[00:01:04] [Server thread/INFO] (Minecraft) Saving players
[00:01:04] [Server thread/INFO] (Minecraft) Saving worlds
[00:01:05] [Server thread/INFO] (Minecraft) Saving chunks for level 'ServerLevel[New World]'/minecraft:overworld
[00:01:05] [Server thread/INFO] (Minecraft) Saving chunks for level 'ServerLevel[New World]'/minecraft:the_nether
[00:01:05] [Server thread/INFO] (Minecraft) Saving chunks for level 'ServerLevel[New World]'/minecraft:the_end
[00:01:05] [Server thread/INFO] (Minecraft) ThreadedAnvilChunkStorage (New World): All chunks are saved
[00:01:05] [Server thread/INFO] (Minecraft) ThreadedAnvilChunkStorage (DIM-1): All chunks are saved
[00:01:05] [Server thread/INFO] (Minecraft) ThreadedAnvilChunkStorage (DIM1): All chunks are saved
[00:01:05] [Server thread/INFO] (Minecraft) ThreadedAnvilChunkStorage: All dimensions are saved
[00:01:06] [Render thread/INFO] (Minecraft) Stopping!
